This is pdfTeX, Version 3.141592653-2.6-1.40.26 (TeX Live 2024) (preloaded format=pdflatex 2024.6.9)  13 JUN 2024 16:34
entering extended mode
 restricted \write18 enabled.
 %&-line parsing enabled.
**2024-06-09_MA_March2024_neuer_verlauf.tex
(./2024-06-09_MA_March2024_neuer_verlauf.tex
LaTeX2e <2024-06-01>
L3 programming layer <2024-05-27>
(/Users/cselva1/Library/TinyTeX/texmf-dist/tex/latex/apa7/apa7.cls
Document Class: apa7 2022/07/25 v2.16 APA formatting (7th edition)
(/Users/cselva1/Library/TinyTeX/texmf-dist/tex/latex/base/article.cls
Document Class: article 2024/02/08 v1.4n Standard LaTeX document class
(/Users/cselva1/Library/TinyTeX/texmf-dist/tex/latex/base/size12.clo
File: size12.clo 2024/02/08 v1.4n Standard LaTeX file (size option)
)
\c@part=\count194
\c@section=\count195
\c@subsection=\count196
\c@subsubsection=\count197
\c@paragraph=\count198
\c@subparagraph=\count199
\c@figure=\count266
\c@table=\count267
\abovecaptionskip=\skip49
\belowcaptionskip=\skip50
\bibindent=\dimen141
) (/Users/cselva1/Library/TinyTeX/texmf-dist/tex/latex/etoolbox/etoolbox.sty
Package: etoolbox 2020/10/05 v2.5k e-TeX tools for LaTeX (JAW)
\etb@tempcnta=\count268
)
Class apa7 Info: No bibliography package was specified; defaulting to (but not loading) Biblatex on input line 218.
(/Users/cselva1/Library/TinyTeX/texmf-dist/tex/latex/lm/lmodern.sty
Package: lmodern 2015/05/01 v1.6.1 Latin Modern Fonts
LaTeX Font Info:    Overwriting symbol font `operators' in version `normal'
(Font)                  OT1/cmr/m/n --> OT1/lmr/m/n on input line 22.
LaTeX Font Info:    Overwriting symbol font `letters' in version `normal'
(Font)                  OML/cmm/m/it --> OML/lmm/m/it on input line 23.
LaTeX Font Info:    Overwriting symbol font `symbols' in version `normal'
(Font)                  OMS/cmsy/m/n --> OMS/lmsy/m/n on input line 24.
LaTeX Font Info:    Overwriting symbol font `largesymbols' in version `normal'
(Font)                  OMX/cmex/m/n --> OMX/lmex/m/n on input line 25.
LaTeX Font Info:    Overwriting symbol font `operators' in version `bold'
(Font)                  OT1/cmr/bx/n --> OT1/lmr/bx/n on input line 26.
LaTeX Font Info:    Overwriting symbol font `letters' in version `bold'
(Font)                  OML/cmm/b/it --> OML/lmm/b/it on input line 27.
LaTeX Font Info:    Overwriting symbol font `symbols' in version `bold'
(Font)                  OMS/cmsy/b/n --> OMS/lmsy/b/n on input line 28.
LaTeX Font Info:    Overwriting symbol font `largesymbols' in version `bold'
(Font)                  OMX/cmex/m/n --> OMX/lmex/m/n on input line 29.
LaTeX Font Info:    Overwriting math alphabet `\mathbf' in version `normal'
(Font)                  OT1/cmr/bx/n --> OT1/lmr/bx/n on input line 31.
LaTeX Font Info:    Overwriting math alphabet `\mathsf' in version `normal'
(Font)                  OT1/cmss/m/n --> OT1/lmss/m/n on input line 32.
LaTeX Font Info:    Overwriting math alphabet `\mathit' in version `normal'
(Font)                  OT1/cmr/m/it --> OT1/lmr/m/it on input line 33.
LaTeX Font Info:    Overwriting math alphabet `\mathtt' in version `normal'
(Font)                  OT1/cmtt/m/n --> OT1/lmtt/m/n on input line 34.
LaTeX Font Info:    Overwriting math alphabet `\mathbf' in version `bold'
(Font)                  OT1/cmr/bx/n --> OT1/lmr/bx/n on input line 35.
LaTeX Font Info:    Overwriting math alphabet `\mathsf' in version `bold'
(Font)                  OT1/cmss/bx/n --> OT1/lmss/bx/n on input line 36.
LaTeX Font Info:    Overwriting math alphabet `\mathit' in version `bold'
(Font)                  OT1/cmr/bx/it --> OT1/lmr/bx/it on input line 37.
LaTeX Font Info:    Overwriting math alphabet `\mathtt' in version `bold'
(Font)                  OT1/cmtt/m/n --> OT1/lmtt/m/n on input line 38.
) (/Users/cselva1/Library/TinyTeX/texmf-dist/tex/latex/base/fontenc.sty
Package: fontenc 2021/04/29 v2.0v Standard LaTeX package
LaTeX Font Info:    Trying to load font information for T1+lmr on input line 116.
(/Users/cselva1/Library/TinyTeX/texmf-dist/tex/latex/lm/t1lmr.fd
File: t1lmr.fd 2015/05/01 v1.6.1 Font defs for Latin Modern
)) (/Users/cselva1/Library/TinyTeX/texmf-dist/tex/latex/geometry/geometry.sty
Package: geometry 2020/01/02 v5.9 Page Geometry
(/Users/cselva1/Library/TinyTeX/texmf-dist/tex/latex/graphics/keyval.sty
Package: keyval 2022/05/29 v1.15 key=value parser (DPC)
\KV@toks@=\toks17
) (/Users/cselva1/Library/TinyTeX/texmf-dist/tex/generic/iftex/ifvtex.sty
Package: ifvtex 2019/10/25 v1.7 ifvtex legacy package. Use iftex instead.
(/Users/cselva1/Library/TinyTeX/texmf-dist/tex/generic/iftex/iftex.sty
Package: iftex 2022/02/03 v1.0f TeX engine tests
))
\Gm@cnth=\count269
\Gm@cntv=\count270
\c@Gm@tempcnt=\count271
\Gm@bindingoffset=\dimen142
\Gm@wd@mp=\dimen143
\Gm@odd@mp=\dimen144
\Gm@even@mp=\dimen145
\Gm@layoutwidth=\dimen146
\Gm@layoutheight=\dimen147
\Gm@layouthoffset=\dimen148
\Gm@layoutvoffset=\dimen149
\Gm@dimlist=\toks18
) (/Users/cselva1/Library/TinyTeX/texmf-dist/tex/latex/graphics/graphicx.sty
Package: graphicx 2021/09/16 v1.2d Enhanced LaTeX Graphics (DPC,SPQR)
(/Users/cselva1/Library/TinyTeX/texmf-dist/tex/latex/graphics/graphics.sty
Package: graphics 2024/05/23 v1.4g Standard LaTeX Graphics (DPC,SPQR)
(/Users/cselva1/Library/TinyTeX/texmf-dist/tex/latex/graphics/trig.sty
Package: trig 2023/12/02 v1.11 sin cos tan (DPC)
) (/Users/cselva1/Library/TinyTeX/texmf-dist/tex/latex/graphics-cfg/graphics.cfg
File: graphics.cfg 2016/06/04 v1.11 sample graphics configuration
)
Package graphics Info: Driver file: pdftex.def on input line 106.
(/Users/cselva1/Library/TinyTeX/texmf-dist/tex/latex/graphics-def/pdftex.def
File: pdftex.def 2024/04/13 v1.2c Graphics/color driver for pdftex
))
\Gin@req@height=\dimen150
\Gin@req@width=\dimen151
) (/Users/cselva1/Library/TinyTeX/texmf-dist/tex/latex/scalerel/scalerel.sty
Package: scalerel 2016/12/29 v1.8 Routines for constrained scaling and stretching of objects, relative to a reference object or in absolute terms
(/Users/cselva1/Library/TinyTeX/texmf-dist/tex/latex/tools/calc.sty
Package: calc 2023/07/08 v4.3 Infix arithmetic (KKT,FJ)
\calc@Acount=\count272
\calc@Bcount=\count273
\calc@Adimen=\dimen152
\calc@Bdimen=\dimen153
\calc@Askip=\skip51
\calc@Bskip=\skip52
LaTeX Info: Redefining \setlength on input line 80.
LaTeX Info: Redefining \addtolength on input line 81.
\calc@Ccount=\count274
\calc@Cskip=\skip53
)
\thesrwidth=\skip54
\thesrheight=\skip55
\srblobheight=\skip56
\srblobdepth=\skip57
\mnxsrwidth=\skip58
\LMex=\skip59
\LMpt=\skip60
) (/Users/cselva1/Library/TinyTeX/texmf-dist/tex/latex/pgf/frontendlayer/tikz.sty (/Users/cselva1/Library/TinyTeX/texmf-dist/tex/latex/pgf/basiclayer/pgf.sty (/Users/cselva1/Library/TinyTeX/texmf-dist/tex/latex/pgf/utilities/pgfrcs.sty (/Users/cselva1/Library/TinyTeX/texmf-dist/tex/generic/pgf/utilities/pgfutil-common.tex
\pgfutil@everybye=\toks19
\pgfutil@tempdima=\dimen154
\pgfutil@tempdimb=\dimen155
) (/Users/cselva1/Library/TinyTeX/texmf-dist/tex/generic/pgf/utilities/pgfutil-latex.def
\pgfutil@abb=\box52
) (/Users/cselva1/Library/TinyTeX/texmf-dist/tex/generic/pgf/utilities/pgfrcs.code.tex (/Users/cselva1/Library/TinyTeX/texmf-dist/tex/generic/pgf/pgf.revision.tex)
Package: pgfrcs 2023-01-15 v3.1.10 (3.1.10)
))
Package: pgf 2023-01-15 v3.1.10 (3.1.10)
(/Users/cselva1/Library/TinyTeX/texmf-dist/tex/latex/pgf/basiclayer/pgfcore.sty (/Users/cselva1/Library/TinyTeX/texmf-dist/tex/latex/pgf/systemlayer/pgfsys.sty (/Users/cselva1/Library/TinyTeX/texmf-dist/tex/generic/pgf/systemlayer/pgfsys.code.tex
Package: pgfsys 2023-01-15 v3.1.10 (3.1.10)
(/Users/cselva1/Library/TinyTeX/texmf-dist/tex/generic/pgf/utilities/pgfkeys.code.tex
\pgfkeys@pathtoks=\toks20
\pgfkeys@temptoks=\toks21
(/Users/cselva1/Library/TinyTeX/texmf-dist/tex/generic/pgf/utilities/pgfkeyslibraryfiltered.code.tex
\pgfkeys@tmptoks=\toks22
))
\pgf@x=\dimen156
\pgf@y=\dimen157
\pgf@xa=\dimen158
\pgf@ya=\dimen159
\pgf@xb=\dimen160
\pgf@yb=\dimen161
\pgf@xc=\dimen162
\pgf@yc=\dimen163
\pgf@xd=\dimen164
\pgf@yd=\dimen165
\w@pgf@writea=\write3
\r@pgf@reada=\read2
\c@pgf@counta=\count275
\c@pgf@countb=\count276
\c@pgf@countc=\count277
\c@pgf@countd=\count278
\t@pgf@toka=\toks23
\t@pgf@tokb=\toks24
\t@pgf@tokc=\toks25
\pgf@sys@id@count=\count279
(/Users/cselva1/Library/TinyTeX/texmf-dist/tex/generic/pgf/systemlayer/pgf.cfg
File: pgf.cfg 2023-01-15 v3.1.10 (3.1.10)
)
Driver file for pgf: pgfsys-pdftex.def
(/Users/cselva1/Library/TinyTeX/texmf-dist/tex/generic/pgf/systemlayer/pgfsys-pdftex.def
File: pgfsys-pdftex.def 2023-01-15 v3.1.10 (3.1.10)
(/Users/cselva1/Library/TinyTeX/texmf-dist/tex/generic/pgf/systemlayer/pgfsys-common-pdf.def
File: pgfsys-common-pdf.def 2023-01-15 v3.1.10 (3.1.10)
))) (/Users/cselva1/Library/TinyTeX/texmf-dist/tex/generic/pgf/systemlayer/pgfsyssoftpath.code.tex
File: pgfsyssoftpath.code.tex 2023-01-15 v3.1.10 (3.1.10)
\pgfsyssoftpath@smallbuffer@items=\count280
\pgfsyssoftpath@bigbuffer@items=\count281
) (/Users/cselva1/Library/TinyTeX/texmf-dist/tex/generic/pgf/systemlayer/pgfsysprotocol.code.tex
File: pgfsysprotocol.code.tex 2023-01-15 v3.1.10 (3.1.10)
)) (/Users/cselva1/Library/TinyTeX/texmf-dist/tex/latex/xcolor/xcolor.sty
Package: xcolor 2023/11/15 v3.01 LaTeX color extensions (UK)
(/Users/cselva1/Library/TinyTeX/texmf-dist/tex/latex/graphics-cfg/color.cfg
File: color.cfg 2016/01/02 v1.6 sample color configuration
)
Package xcolor Info: Driver file: pdftex.def on input line 274.
(/Users/cselva1/Library/TinyTeX/texmf-dist/tex/latex/graphics/mathcolor.ltx)
Package xcolor Info: Model `cmy' substituted by `cmy0' on input line 1350.
Package xcolor Info: Model `hsb' substituted by `rgb' on input line 1354.
Package xcolor Info: Model `RGB' extended on input line 1366.
Package xcolor Info: Model `HTML' substituted by `rgb' on input line 1368.
Package xcolor Info: Model `Hsb' substituted by `hsb' on input line 1369.
Package xcolor Info: Model `tHsb' substituted by `hsb' on input line 1370.
Package xcolor Info: Model `HSB' substituted by `hsb' on input line 1371.
Package xcolor Info: Model `Gray' substituted by `gray' on input line 1372.
Package xcolor Info: Model `wave' substituted by `hsb' on input line 1373.
) (/Users/cselva1/Library/TinyTeX/texmf-dist/tex/latex/graphics/dvipsnam.def
File: dvipsnam.def 2016/06/17 v3.0m Driver-dependent file (DPC,SPQR)
) (/Users/cselva1/Library/TinyTeX/texmf-dist/tex/latex/xcolor/svgnam.def
File: svgnam.def 2023/11/15 v3.01 Predefined colors according to SVG 1.1 (UK)
) (/Users/cselva1/Library/TinyTeX/texmf-dist/tex/latex/xcolor/x11nam.def
File: x11nam.def 2023/11/15 v3.01 Predefined colors according to Unix/X11 (UK)
) (/Users/cselva1/Library/TinyTeX/texmf-dist/tex/generic/pgf/basiclayer/pgfcore.code.tex
Package: pgfcore 2023-01-15 v3.1.10 (3.1.10)
(/Users/cselva1/Library/TinyTeX/texmf-dist/tex/generic/pgf/math/pgfmath.code.tex (/Users/cselva1/Library/TinyTeX/texmf-dist/tex/generic/pgf/math/pgfmathutil.code.tex) (/Users/cselva1/Library/TinyTeX/texmf-dist/tex/generic/pgf/math/pgfmathparser.code.tex
\pgfmath@dimen=\dimen166
\pgfmath@count=\count282
\pgfmath@box=\box53
\pgfmath@toks=\toks26
\pgfmath@stack@operand=\toks27
\pgfmath@stack@operation=\toks28
) (/Users/cselva1/Library/TinyTeX/texmf-dist/tex/generic/pgf/math/pgfmathfunctions.code.tex) (/Users/cselva1/Library/TinyTeX/texmf-dist/tex/generic/pgf/math/pgfmathfunctions.basic.code.tex) (/Users/cselva1/Library/TinyTeX/texmf-dist/tex/generic/pgf/math/pgfmathfunctions.trigonometric.code.tex) (/Users/cselva1/Library/TinyTeX/texmf-dist/tex/generic/pgf/math/pgfmathfunctions.random.code.tex) (/Users/cselva1/Library/TinyTeX/texmf-dist/tex/generic/pgf/math/pgfmathfunctions.comparison.code.tex) (/Users/cselva1/Library/TinyTeX/texmf-dist/tex/generic/pgf/math/pgfmathfunctions.base.code.tex) (/Users/cselva1/Library/TinyTeX/texmf-dist/tex/generic/pgf/math/pgfmathfunctions.round.code.tex) (/Users/cselva1/Library/TinyTeX/texmf-dist/tex/generic/pgf/math/pgfmathfunctions.misc.code.tex) (/Users/cselva1/Library/TinyTeX/texmf-dist/tex/generic/pgf/math/pgfmathfunctions.integerarithmetics.code.tex) (/Users/cselva1/Library/TinyTeX/texmf-dist/tex/generic/pgf/math/pgfmathcalc.code.tex) (/Users/cselva1/Library/TinyTeX/texmf-dist/tex/generic/pgf/math/pgfmathfloat.code.tex
\c@pgfmathroundto@lastzeros=\count283
)) (/Users/cselva1/Library/TinyTeX/texmf-dist/tex/generic/pgf/math/pgfint.code.tex) (/Users/cselva1/Library/TinyTeX/texmf-dist/tex/generic/pgf/basiclayer/pgfcorepoints.code.tex
File: pgfcorepoints.code.tex 2023-01-15 v3.1.10 (3.1.10)
\pgf@picminx=\dimen167
\pgf@picmaxx=\dimen168
\pgf@picminy=\dimen169
\pgf@picmaxy=\dimen170
\pgf@pathminx=\dimen171
\pgf@pathmaxx=\dimen172
\pgf@pathminy=\dimen173
\pgf@pathmaxy=\dimen174
\pgf@xx=\dimen175
\pgf@xy=\dimen176
\pgf@yx=\dimen177
\pgf@yy=\dimen178
\pgf@zx=\dimen179
\pgf@zy=\dimen180
) (/Users/cselva1/Library/TinyTeX/texmf-dist/tex/generic/pgf/basiclayer/pgfcorepathconstruct.code.tex
File: pgfcorepathconstruct.code.tex 2023-01-15 v3.1.10 (3.1.10)
\pgf@path@lastx=\dimen181
\pgf@path@lasty=\dimen182
) (/Users/cselva1/Library/TinyTeX/texmf-dist/tex/generic/pgf/basiclayer/pgfcorepathusage.code.tex
File: pgfcorepathusage.code.tex 2023-01-15 v3.1.10 (3.1.10)
\pgf@shorten@end@additional=\dimen183
\pgf@shorten@start@additional=\dimen184
) (/Users/cselva1/Library/TinyTeX/texmf-dist/tex/generic/pgf/basiclayer/pgfcorescopes.code.tex
File: pgfcorescopes.code.tex 2023-01-15 v3.1.10 (3.1.10)
\pgfpic=\box54
\pgf@hbox=\box55
\pgf@layerbox@main=\box56
\pgf@picture@serial@count=\count284
) (/Users/cselva1/Library/TinyTeX/texmf-dist/tex/generic/pgf/basiclayer/pgfcoregraphicstate.code.tex
File: pgfcoregraphicstate.code.tex 2023-01-15 v3.1.10 (3.1.10)
\pgflinewidth=\dimen185
) (/Users/cselva1/Library/TinyTeX/texmf-dist/tex/generic/pgf/basiclayer/pgfcoretransformations.code.tex
File: pgfcoretransformations.code.tex 2023-01-15 v3.1.10 (3.1.10)
\pgf@pt@x=\dimen186
\pgf@pt@y=\dimen187
\pgf@pt@temp=\dimen188
) (/Users/cselva1/Library/TinyTeX/texmf-dist/tex/generic/pgf/basiclayer/pgfcorequick.code.tex
File: pgfcorequick.code.tex 2023-01-15 v3.1.10 (3.1.10)
) (/Users/cselva1/Library/TinyTeX/texmf-dist/tex/generic/pgf/basiclayer/pgfcoreobjects.code.tex
File: pgfcoreobjects.code.tex 2023-01-15 v3.1.10 (3.1.10)
) (/Users/cselva1/Library/TinyTeX/texmf-dist/tex/generic/pgf/basiclayer/pgfcorepathprocessing.code.tex
File: pgfcorepathprocessing.code.tex 2023-01-15 v3.1.10 (3.1.10)
) (/Users/cselva1/Library/TinyTeX/texmf-dist/tex/generic/pgf/basiclayer/pgfcorearrows.code.tex
File: pgfcorearrows.code.tex 2023-01-15 v3.1.10 (3.1.10)
\pgfarrowsep=\dimen189
) (/Users/cselva1/Library/TinyTeX/texmf-dist/tex/generic/pgf/basiclayer/pgfcoreshade.code.tex
File: pgfcoreshade.code.tex 2023-01-15 v3.1.10 (3.1.10)
\pgf@max=\dimen190
\pgf@sys@shading@range@num=\count285
\pgf@shadingcount=\count286
) (/Users/cselva1/Library/TinyTeX/texmf-dist/tex/generic/pgf/basiclayer/pgfcoreimage.code.tex
File: pgfcoreimage.code.tex 2023-01-15 v3.1.10 (3.1.10)
) (/Users/cselva1/Library/TinyTeX/texmf-dist/tex/generic/pgf/basiclayer/pgfcoreexternal.code.tex
File: pgfcoreexternal.code.tex 2023-01-15 v3.1.10 (3.1.10)
\pgfexternal@startupbox=\box57
) (/Users/cselva1/Library/TinyTeX/texmf-dist/tex/generic/pgf/basiclayer/pgfcorelayers.code.tex
File: pgfcorelayers.code.tex 2023-01-15 v3.1.10 (3.1.10)
) (/Users/cselva1/Library/TinyTeX/texmf-dist/tex/generic/pgf/basiclayer/pgfcoretransparency.code.tex
File: pgfcoretransparency.code.tex 2023-01-15 v3.1.10 (3.1.10)
) (/Users/cselva1/Library/TinyTeX/texmf-dist/tex/generic/pgf/basiclayer/pgfcorepatterns.code.tex
File: pgfcorepatterns.code.tex 2023-01-15 v3.1.10 (3.1.10)
) (/Users/cselva1/Library/TinyTeX/texmf-dist/tex/generic/pgf/basiclayer/pgfcorerdf.code.tex
File: pgfcorerdf.code.tex 2023-01-15 v3.1.10 (3.1.10)
))) (/Users/cselva1/Library/TinyTeX/texmf-dist/tex/generic/pgf/modules/pgfmoduleshapes.code.tex
File: pgfmoduleshapes.code.tex 2023-01-15 v3.1.10 (3.1.10)
\pgfnodeparttextbox=\box58
) (/Users/cselva1/Library/TinyTeX/texmf-dist/tex/generic/pgf/modules/pgfmoduleplot.code.tex
File: pgfmoduleplot.code.tex 2023-01-15 v3.1.10 (3.1.10)
) (/Users/cselva1/Library/TinyTeX/texmf-dist/tex/latex/pgf/compatibility/pgfcomp-version-0-65.sty
Package: pgfcomp-version-0-65 2023-01-15 v3.1.10 (3.1.10)
\pgf@nodesepstart=\dimen191
\pgf@nodesepend=\dimen192
) (/Users/cselva1/Library/TinyTeX/texmf-dist/tex/latex/pgf/compatibility/pgfcomp-version-1-18.sty
Package: pgfcomp-version-1-18 2023-01-15 v3.1.10 (3.1.10)
)) (/Users/cselva1/Library/TinyTeX/texmf-dist/tex/latex/pgf/utilities/pgffor.sty (/Users/cselva1/Library/TinyTeX/texmf-dist/tex/latex/pgf/utilities/pgfkeys.sty (/Users/cselva1/Library/TinyTeX/texmf-dist/tex/generic/pgf/utilities/pgfkeys.code.tex)) (/Users/cselva1/Library/TinyTeX/texmf-dist/tex/latex/pgf/math/pgfmath.sty (/Users/cselva1/Library/TinyTeX/texmf-dist/tex/generic/pgf/math/pgfmath.code.tex)) (/Users/cselva1/Library/TinyTeX/texmf-dist/tex/generic/pgf/utilities/pgffor.code.tex
Package: pgffor 2023-01-15 v3.1.10 (3.1.10)
\pgffor@iter=\dimen193
\pgffor@skip=\dimen194
\pgffor@stack=\toks29
\pgffor@toks=\toks30
)) (/Users/cselva1/Library/TinyTeX/texmf-dist/tex/generic/pgf/frontendlayer/tikz/tikz.code.tex
Package: tikz 2023-01-15 v3.1.10 (3.1.10)
(/Users/cselva1/Library/TinyTeX/texmf-dist/tex/generic/pgf/libraries/pgflibraryplothandlers.code.tex
File: pgflibraryplothandlers.code.tex 2023-01-15 v3.1.10 (3.1.10)
\pgf@plot@mark@count=\count287
\pgfplotmarksize=\dimen195
)
\tikz@lastx=\dimen196
\tikz@lasty=\dimen197
\tikz@lastxsaved=\dimen198
\tikz@lastysaved=\dimen199
\tikz@lastmovetox=\dimen256
\tikz@lastmovetoy=\dimen257
\tikzleveldistance=\dimen258
\tikzsiblingdistance=\dimen259
\tikz@figbox=\box59
\tikz@figbox@bg=\box60
\tikz@tempbox=\box61
\tikz@tempbox@bg=\box62
\tikztreelevel=\count288
\tikznumberofchildren=\count289
\tikznumberofcurrentchild=\count290
\tikz@fig@count=\count291
(/Users/cselva1/Library/TinyTeX/texmf-dist/tex/generic/pgf/modules/pgfmodulematrix.code.tex
File: pgfmodulematrix.code.tex 2023-01-15 v3.1.10 (3.1.10)
\pgfmatrixcurrentrow=\count292
\pgfmatrixcurrentcolumn=\count293
\pgf@matrix@numberofcolumns=\count294
)
\tikz@expandcount=\count295
(/Users/cselva1/Library/TinyTeX/texmf-dist/tex/generic/pgf/frontendlayer/tikz/libraries/tikzlibrarytopaths.code.tex
File: tikzlibrarytopaths.code.tex 2023-01-15 v3.1.10 (3.1.10)
))) (/Users/cselva1/Library/TinyTeX/texmf-dist/tex/latex/hyperref/hyperref.sty
Package: hyperref 2024-05-23 v7.01i Hypertext links for LaTeX
(/Users/cselva1/Library/TinyTeX/texmf-dist/tex/latex/kvsetkeys/kvsetkeys.sty
Package: kvsetkeys 2022-10-05 v1.19 Key value parser (HO)
) (/Users/cselva1/Library/TinyTeX/texmf-dist/tex/generic/kvdefinekeys/kvdefinekeys.sty
Package: kvdefinekeys 2019-12-19 v1.6 Define keys (HO)
) (/Users/cselva1/Library/TinyTeX/texmf-dist/tex/generic/pdfescape/pdfescape.sty
Package: pdfescape 2019/12/09 v1.15 Implements pdfTeX's escape features (HO)
(/Users/cselva1/Library/TinyTeX/texmf-dist/tex/generic/ltxcmds/ltxcmds.sty
Package: ltxcmds 2023-12-04 v1.26 LaTeX kernel commands for general use (HO)
) (/Users/cselva1/Library/TinyTeX/texmf-dist/tex/generic/pdftexcmds/pdftexcmds.sty
Package: pdftexcmds 2020-06-27 v0.33 Utility functions of pdfTeX for LuaTeX (HO)
(/Users/cselva1/Library/TinyTeX/texmf-dist/tex/generic/infwarerr/infwarerr.sty
Package: infwarerr 2019/12/03 v1.5 Providing info/warning/error messages (HO)
)
Package pdftexcmds Info: \pdf@primitive is available.
Package pdftexcmds Info: \pdf@ifprimitive is available.
Package pdftexcmds Info: \pdfdraftmode found.
)) (/Users/cselva1/Library/TinyTeX/texmf-dist/tex/latex/hycolor/hycolor.sty
Package: hycolor 2020-01-27 v1.10 Color options for hyperref/bookmark (HO)
) (/Users/cselva1/Library/TinyTeX/texmf-dist/tex/latex/hyperref/nameref.sty
Package: nameref 2023-11-26 v2.56 Cross-referencing by name of section
(/Users/cselva1/Library/TinyTeX/texmf-dist/tex/latex/refcount/refcount.sty
Package: refcount 2019/12/15 v3.6 Data extraction from label references (HO)
) (/Users/cselva1/Library/TinyTeX/texmf-dist/tex/generic/gettitlestring/gettitlestring.sty
Package: gettitlestring 2019/12/15 v1.6 Cleanup title references (HO)
(/Users/cselva1/Library/TinyTeX/texmf-dist/tex/latex/kvoptions/kvoptions.sty
Package: kvoptions 2022-06-15 v3.15 Key value format for package options (HO)
))
\c@section@level=\count296
) (/Users/cselva1/Library/TinyTeX/texmf-dist/tex/generic/stringenc/stringenc.sty
Package: stringenc 2019/11/29 v1.12 Convert strings between diff. encodings (HO)
)
\@linkdim=\dimen260
\Hy@linkcounter=\count297
\Hy@pagecounter=\count298
(/Users/cselva1/Library/TinyTeX/texmf-dist/tex/latex/hyperref/pd1enc.def
File: pd1enc.def 2024-05-23 v7.01i Hyperref: PDFDocEncoding definition (HO)
Now handling font encoding PD1 ...
... no UTF-8 mapping file for font encoding PD1
) (/Users/cselva1/Library/TinyTeX/texmf-dist/tex/generic/intcalc/intcalc.sty
Package: intcalc 2019/12/15 v1.3 Expandable calculations with integers (HO)
)
\Hy@SavedSpaceFactor=\count299
(/Users/cselva1/Library/TinyTeX/texmf-dist/tex/latex/hyperref/puenc.def
File: puenc.def 2024-05-23 v7.01i Hyperref: PDF Unicode definition (HO)
Now handling font encoding PU ...
... no UTF-8 mapping file for font encoding PU
)
Package hyperref Info: Option `unicode' set `true' on input line 4040.
Package hyperref Info: Hyper figures OFF on input line 4157.
Package hyperref Info: Link nesting OFF on input line 4162.
Package hyperref Info: Hyper index ON on input line 4165.
Package hyperref Info: Plain pages OFF on input line 4172.
Package hyperref Info: Backreferencing OFF on input line 4177.
Package hyperref Info: Implicit mode ON; LaTeX internals redefined.
Package hyperref Info: Bookmarks ON on input line 4424.
\c@Hy@tempcnt=\count300
(/Users/cselva1/Library/TinyTeX/texmf-dist/tex/latex/url/url.sty
\Urlmuskip=\muskip17
Package: url 2013/09/16  ver 3.4  Verb mode for urls, etc.
)
LaTeX Info: Redefining \url on input line 4763.
\XeTeXLinkMargin=\dimen261
(/Users/cselva1/Library/TinyTeX/texmf-dist/tex/generic/bitset/bitset.sty
Package: bitset 2019/12/09 v1.3 Handle bit-vector datatype (HO)
(/Users/cselva1/Library/TinyTeX/texmf-dist/tex/generic/bigintcalc/bigintcalc.sty
Package: bigintcalc 2019/12/15 v1.5 Expandable calculations on big integers (HO)
))
\Fld@menulength=\count301
\Field@Width=\dimen262
\Fld@charsize=\dimen263
Package hyperref Info: Hyper figures OFF on input line 6042.
Package hyperref Info: Link nesting OFF on input line 6047.
Package hyperref Info: Hyper index ON on input line 6050.
Package hyperref Info: backreferencing OFF on input line 6057.
Package hyperref Info: Link coloring OFF on input line 6062.
Package hyperref Info: Link coloring with OCG OFF on input line 6067.
Package hyperref Info: PDF/A mode OFF on input line 6072.
(/Users/cselva1/Library/TinyTeX/texmf-dist/tex/latex/base/atbegshi-ltx.sty
Package: atbegshi-ltx 2021/01/10 v1.0c Emulation of the original atbegshi
package with kernel methods
)
\Hy@abspage=\count302
\c@Item=\count303
\c@Hfootnote=\count304
)
Package hyperref Info: Driver (autodetected): hpdftex.
(/Users/cselva1/Library/TinyTeX/texmf-dist/tex/latex/hyperref/hpdftex.def
File: hpdftex.def 2024-05-23 v7.01i Hyperref driver for pdfTeX
(/Users/cselva1/Library/TinyTeX/texmf-dist/tex/latex/base/atveryend-ltx.sty
Package: atveryend-ltx 2020/08/19 v1.0a Emulation of the original atveryend package
with kernel methods
)
\Fld@listcount=\count305
\c@bookmark@seq@number=\count306
(/Users/cselva1/Library/TinyTeX/texmf-dist/tex/latex/rerunfilecheck/rerunfilecheck.sty
Package: rerunfilecheck 2022-07-10 v1.10 Rerun checks for auxiliary files (HO)
(/Users/cselva1/Library/TinyTeX/texmf-dist/tex/generic/uniquecounter/uniquecounter.sty
Package: uniquecounter 2019/12/15 v1.4 Provide unlimited unique counter (HO)
)
Package uniquecounter Info: New unique counter `rerunfilecheck' on input line 285.
)
\Hy@SectionHShift=\skip61
) (/Users/cselva1/Library/TinyTeX/texmf-dist/tex/generic/pgf/frontendlayer/tikz/libraries/tikzlibrarysvg.path.code.tex
File: tikzlibrarysvg.path.code.tex 2023-01-15 v3.1.10 (3.1.10)
(/Users/cselva1/Library/TinyTeX/texmf-dist/tex/generic/pgf/libraries/pgflibrarysvg.path.code.tex
File: pgflibrarysvg.path.code.tex 2023-01-15 v3.1.10 (3.1.10)
(/Users/cselva1/Library/TinyTeX/texmf-dist/tex/generic/pgf/modules/pgfmoduleparser.code.tex
File: pgfmoduleparser.code.tex 2023-01-15 v3.1.10 (3.1.10)
\pgfparserdef@arg@count=\count307
)
\pgf@lib@svg@last@x=\dimen264
\pgf@lib@svg@last@y=\dimen265
\pgf@lib@svg@last@c@x=\dimen266
\pgf@lib@svg@last@c@y=\dimen267
\pgf@lib@svg@count=\count308
\pgf@lib@svg@max@num=\count309
)) (/Users/cselva1/Library/TinyTeX/texmf-dist/tex/latex/booktabs/booktabs.sty
Package: booktabs 2020/01/12 v1.61803398 Publication quality tables
\heavyrulewidth=\dimen268
\lightrulewidth=\dimen269
\cmidrulewidth=\dimen270
\belowrulesep=\dimen271
\belowbottomsep=\dimen272
\aboverulesep=\dimen273
\abovetopsep=\dimen274
\cmidrulesep=\dimen275
\cmidrulekern=\dimen276
\defaultaddspace=\dimen277
\@cmidla=\count310
\@cmidlb=\count311
\@aboverulesep=\dimen278
\@belowrulesep=\dimen279
\@thisruleclass=\count312
\@lastruleclass=\count313
\@thisrulewidth=\dimen280
) (/Users/cselva1/Library/TinyTeX/texmf-dist/tex/latex/threeparttable/threeparttable.sty
Package: threeparttable 2003/06/13  v 3.0
\@tempboxb=\box63
)
\b@level@one@skip=\skip62
\e@level@one@skip=\skip63
\b@level@two@skip=\skip64
\e@level@two@skip=\skip65
\b@level@three@skip=\skip66
\e@level@three@skip=\skip67
\b@level@four@skip=\skip68
\e@level@four@skip=\skip69
\b@level@five@skip=\skip70
\e@level@five@skip=\skip71
(/Users/cselva1/Library/TinyTeX/texmf-dist/tex/latex/caption/caption.sty
Package: caption 2023/08/05 v3.6o Customizing captions (AR)
(/Users/cselva1/Library/TinyTeX/texmf-dist/tex/latex/caption/caption3.sty
Package: caption3 2023/07/31 v2.4d caption3 kernel (AR)
\caption@tempdima=\dimen281
\captionmargin=\dimen282
\caption@leftmargin=\dimen283
\caption@rightmargin=\dimen284
\caption@width=\dimen285
\caption@indent=\dimen286
\caption@parindent=\dimen287
\caption@hangindent=\dimen288
Package caption Info: Standard document class detected.
)
\c@caption@flags=\count314
\c@continuedfloat=\count315
Package caption Info: hyperref package is loaded.
Package caption Info: threeparttable package is loaded.
)
\c@APAenum=\count316
\@text@par@indent=\skip72
\gr@box=\box64
\gr@boxwidth=\skip73
\gr@boxheight=\skip74
(/Users/cselva1/Library/TinyTeX/texmf-dist/tex/latex/tools/bm.sty
Package: bm 2023/12/19 v1.2f Bold Symbol Support (DPC/FMi)
\symboldoperators=\mathgroup4
\symboldletters=\mathgroup5
\symboldsymbols=\mathgroup6
Package bm Info: No bold for \OMX/lmex/m/n, using \pmb.
LaTeX Font Info:    Redeclaring math alphabet \mathbf on input line 149.
)
\c@appendix=\count317
(/Users/cselva1/Library/TinyTeX/texmf-dist/tex/latex/fancyhdr/fancyhdr.sty
Package: fancyhdr 2024/04/23 v4.2 Extensive control of page headers and footers
\f@nch@headwidth=\skip75
\f@nch@O@elh=\skip76
\f@nch@O@erh=\skip77
\f@nch@O@olh=\skip78
\f@nch@O@orh=\skip79
\f@nch@O@elf=\skip80
\f@nch@O@erf=\skip81
\f@nch@O@olf=\skip82
\f@nch@O@orf=\skip83
) (/Users/cselva1/Library/TinyTeX/texmf-dist/tex/latex/endfloat/endfloat.sty
Package: endfloat 2019/04/15 v2.7 LaTeX2e package puts figures and tables at end (jdm)
\c@posttable=\count318
\efloat@postttt=\write4
\@ef@tttopen=\count319
\c@postfigure=\count320
\efloat@postfff=\write5
\@ef@fffopen=\count321
) (/Users/cselva1/Library/TinyTeX/texmf-dist/tex/latex/float/float.sty
Package: float 2001/11/08 v1.3d Float enhancements (AL)
\c@float@type=\count322
\float@exts=\toks31
\float@box=\box65
\@float@everytoks=\toks32
\@floatcapt=\box66
)) (/Users/cselva1/Library/TinyTeX/texmf-dist/tex/latex/amsmath/amsmath.sty
Package: amsmath 2024/05/23 v2.17q AMS math features
\@mathmargin=\skip84
For additional information on amsmath, use the `?' option.
(/Users/cselva1/Library/TinyTeX/texmf-dist/tex/latex/amsmath/amstext.sty
Package: amstext 2021/08/26 v2.01 AMS text
(/Users/cselva1/Library/TinyTeX/texmf-dist/tex/latex/amsmath/amsgen.sty
File: amsgen.sty 1999/11/30 v2.0 generic functions
\@emptytoks=\toks33
\ex@=\dimen289
)) (/Users/cselva1/Library/TinyTeX/texmf-dist/tex/latex/amsmath/amsbsy.sty
Package: amsbsy 1999/11/29 v1.2d Bold Symbols
LaTeX Info: Redefining \boldsymbol on input line 28.
\pmbraise@=\dimen290
) (/Users/cselva1/Library/TinyTeX/texmf-dist/tex/latex/amsmath/amsopn.sty
Package: amsopn 2022/04/08 v2.04 operator names
)
\inf@bad=\count323
LaTeX Info: Redefining \frac on input line 233.
\uproot@=\count324
\leftroot@=\count325
LaTeX Info: Redefining \overline on input line 398.
LaTeX Info: Redefining \colon on input line 409.
\classnum@=\count326
\DOTSCASE@=\count327
LaTeX Info: Redefining \ldots on input line 495.
LaTeX Info: Redefining \dots on input line 498.
LaTeX Info: Redefining \cdots on input line 619.
\Mathstrutbox@=\box67
\strutbox@=\box68
LaTeX Info: Redefining \big on input line 721.
LaTeX Info: Redefining \Big on input line 722.
LaTeX Info: Redefining \bigg on input line 723.
LaTeX Info: Redefining \Bigg on input line 724.
\big@size=\dimen291
LaTeX Font Info:    Redeclaring font encoding OML on input line 742.
LaTeX Font Info:    Redeclaring font encoding OMS on input line 743.
\macc@depth=\count328
LaTeX Info: Redefining \bmod on input line 904.
LaTeX Info: Redefining \pmod on input line 909.
LaTeX Info: Redefining \smash on input line 939.
LaTeX Info: Redefining \relbar on input line 969.
LaTeX Info: Redefining \Relbar on input line 970.
\c@MaxMatrixCols=\count329
\dotsspace@=\muskip18
\c@parentequation=\count330
\dspbrk@lvl=\count331
\tag@help=\toks34
\row@=\count332
\column@=\count333
\maxfields@=\count334
\andhelp@=\toks35
\eqnshift@=\dimen292
\alignsep@=\dimen293
\tagshift@=\dimen294
\tagwidth@=\dimen295
\totwidth@=\dimen296
\lineht@=\dimen297
\@envbody=\toks36
\multlinegap=\skip85
\multlinetaggap=\skip86
\mathdisplay@stack=\toks37
LaTeX Info: Redefining \[ on input line 2953.
LaTeX Info: Redefining \] on input line 2954.
) (/Users/cselva1/Library/TinyTeX/texmf-dist/tex/latex/amsfonts/amssymb.sty
Package: amssymb 2013/01/14 v3.01 AMS font symbols
(/Users/cselva1/Library/TinyTeX/texmf-dist/tex/latex/amsfonts/amsfonts.sty
Package: amsfonts 2013/01/14 v3.01 Basic AMSFonts support
\symAMSa=\mathgroup7
\symAMSb=\mathgroup8
LaTeX Font Info:    Redeclaring math symbol \hbar on input line 98.
LaTeX Font Info:    Overwriting math alphabet `\mathfrak' in version `bold'
(Font)                  U/euf/m/n --> U/euf/b/n on input line 106.
)) (/Users/cselva1/Library/TinyTeX/texmf-dist/tex/latex/base/fontenc.sty
Package: fontenc 2021/04/29 v2.0v Standard LaTeX package
) (/Users/cselva1/Library/TinyTeX/texmf-dist/tex/latex/base/inputenc.sty
Package: inputenc 2024/02/08 v1.3d Input encoding file
\inpenc@prehook=\toks38
\inpenc@posthook=\toks39
) (/Users/cselva1/Library/TinyTeX/texmf-dist/tex/latex/base/textcomp.sty
Package: textcomp 2024/04/24 v2.1b Standard LaTeX package
) (/Users/cselva1/Library/TinyTeX/texmf-dist/tex/latex/upquote/upquote.sty
Package: upquote 2012/04/19 v1.3 upright-quote and grave-accent glyphs in verbatim
)
\cslhangindent=\skip87
\csllabelwidth=\skip88
(/Users/cselva1/Library/TinyTeX/texmf-dist/tex/generic/babel/babel.sty
Package: babel 2024/06/02 v24.6 The Babel package
\babel@savecnt=\count335
\U@D=\dimen298
\l@unhyphenated=\language5
(/Users/cselva1/Library/TinyTeX/texmf-dist/tex/generic/babel/txtbabel.def)
\bbl@readstream=\read3
\bbl@dirlevel=\count336
Package babel Info: You haven't specified a language as a class or package
(babel)             option. I'll load 'nil'. Reported on input line 4269.
(/Users/cselva1/Library/TinyTeX/texmf-dist/tex/generic/babel/nil.ldf
Language: nil 2024/06/02 v24.6 Nil language
\l@nil=\language6
))
\everypar=\toks40
(/Users/cselva1/Library/TinyTeX/texmf-dist/tex/generic/babel/locale/en/babel-english.tex)
Package babel Info: Importing data for english
(babel)             from babel-en.ini. Reported on input line 104.
(/Users/cselva1/Library/TinyTeX/texmf-dist/tex/latex/was/upgreek.sty
Package: upgreek 2003/02/12 v2.0 (WaS)
Package upgreek Info: Using Euler Roman for upright Greek on input line 31.
\symugrf@m=\mathgroup9
LaTeX Font Info:    Overwriting symbol font `ugrf@m' in version `bold'
(Font)                  U/eur/m/n --> U/eur/b/n on input line 38.
) (/Users/cselva1/Library/TinyTeX/texmf-dist/tex/latex/tools/longtable.sty
Package: longtable 2024-04-26 v4.20 Multi-page Table package (DPC)
\LTleft=\skip89
\LTright=\skip90
\LTpre=\skip91
\LTpost=\skip92
\LTchunksize=\count337
\LTcapwidth=\dimen299
\LT@head=\box69
\LT@firsthead=\box70
\LT@foot=\box71
\LT@lastfoot=\box72
\LT@gbox=\box73
\LT@cols=\count338
\LT@rows=\count339
\c@LT@tables=\count340
\c@LT@chunks=\count341
\LT@p@ftn=\toks41
) (/Users/cselva1/Library/TinyTeX/texmf-dist/tex/latex/graphics/lscape.sty
Package: lscape 2020/05/28 v3.02 Landscape Pages (DPC)
) (/Users/cselva1/Library/TinyTeX/texmf-dist/tex/latex/multirow/multirow.sty
Package: multirow 2021/03/15 v2.8 Span multiple rows of a table
\multirow@colwidth=\skip93
\multirow@cntb=\count342
\multirow@dima=\skip94
\bigstrutjot=\dimen300
) (/Users/cselva1/Library/TinyTeX/texmf-dist/tex/latex/tools/tabularx.sty
Package: tabularx 2023/12/11 v2.12a `tabularx' package (DPC)
(/Users/cselva1/Library/TinyTeX/texmf-dist/tex/latex/tools/array.sty
Package: array 2024/05/23 v2.6c Tabular extension package (FMi)
\col@sep=\dimen301
\ar@mcellbox=\box74
\extrarowheight=\dimen302
\NC@list=\toks42
\extratabsurround=\skip95
\backup@length=\skip96
\ar@cellbox=\box75
)
\TX@col@width=\dimen303
\TX@old@table=\dimen304
\TX@old@col=\dimen305
\TX@target=\dimen306
\TX@delta=\dimen307
\TX@cols=\count343
\TX@ftn=\toks43
) (/Users/cselva1/Library/TinyTeX/texmf-dist/tex/latex/threeparttablex/threeparttablex.sty
Package: threeparttablex 2013/07/23 v0.3 by daleif
(/Users/cselva1/Library/TinyTeX/texmf-dist/tex/latex/environ/environ.sty
Package: environ 2014/05/04 v0.3 A new way to define environments
(/Users/cselva1/Library/TinyTeX/texmf-dist/tex/latex/trimspaces/trimspaces.sty
Package: trimspaces 2009/09/17 v1.1 Trim spaces around a token list
))
\TPTL@width=\skip97
)
\longtablewidth=\skip98
Failed to patch abstract.
Failed to patch title.
(/Users/cselva1/Library/TinyTeX/texmf-dist/tex/latex/xpatch/xpatch.sty (/Users/cselva1/Library/TinyTeX/texmf-dist/tex/latex/l3kernel/expl3.sty
Package: expl3 2024-05-27 L3 programming layer (loader) 
(/Users/cselva1/Library/TinyTeX/texmf-dist/tex/latex/l3backend/l3backend-pdftex.def
File: l3backend-pdftex.def 2024-05-08 L3 backend support: PDF output (pdfTeX)
\l__color_backend_stack_int=\count344
\l__pdf_internal_box=\box76
))
Package: xpatch 2020/03/25 v0.3a Extending etoolbox patching commands
(/Users/cselva1/Library/TinyTeX/texmf-dist/tex/latex/l3packages/xparse/xparse.sty
Package: xparse 2024-05-08 L3 Experimental document command parser
)) (/Users/cselva1/Library/TinyTeX/texmf-dist/tex/latex/csquotes/csquotes.sty
Package: csquotes 2024-04-04 v5.2o context-sensitive quotations (JAW)
\csq@reset=\count345
\csq@gtype=\count346
\csq@glevel=\count347
\csq@qlevel=\count348
\csq@maxlvl=\count349
\csq@tshold=\count350
\csq@ltx@everypar=\toks44
(/Users/cselva1/Library/TinyTeX/texmf-dist/tex/latex/csquotes/csquotes.def
File: csquotes.def 2024-04-04 v5.2o csquotes generic definitions (JAW)
)
Package csquotes Info: Trying to load configuration file 'csquotes.cfg'...
Package csquotes Info: ... configuration file loaded successfully.
(/Users/cselva1/Library/TinyTeX/texmf-dist/tex/latex/csquotes/csquotes.cfg
File: csquotes.cfg 
)) (/Users/cselva1/Library/TinyTeX/texmf-dist/tex/latex/ragged2e/ragged2e.sty
Package: ragged2e 2023/06/22 v3.6 ragged2e Package

LaTeX Warning: Command \@arrayparboxrestore  has changed.
               Check if current package is valid.

(/Users/cselva1/Library/TinyTeX/texmf-dist/tex/latex/footmisc/footmisc.sty
Package: footmisc 2023/07/05 v6.0f a miscellany of footnote facilities
\FN@temptoken=\toks45
\footnotemargin=\dimen308
\@outputbox@depth=\dimen309
Package footmisc Info: Declaring symbol style bringhurst on input line 696.
Package footmisc Info: Declaring symbol style chicago on input line 704.
Package footmisc Info: Declaring symbol style wiley on input line 713.
Package footmisc Info: Declaring symbol style lamport-robust on input line 724.
Package footmisc Info: Declaring symbol style lamport* on input line 744.
Package footmisc Info: Declaring symbol style lamport*-robust on input line 765.
)
\CenteringLeftskip=\skip99
\RaggedLeftLeftskip=\skip100
\RaggedRightLeftskip=\skip101
\CenteringRightskip=\skip102
\RaggedLeftRightskip=\skip103
\RaggedRightRightskip=\skip104
\CenteringParfillskip=\skip105
\RaggedLeftParfillskip=\skip106
\RaggedRightParfillskip=\skip107
\JustifyingParfillskip=\skip108
\CenteringParindent=\skip109
\RaggedLeftParindent=\skip110
\RaggedRightParindent=\skip111
\JustifyingParindent=\skip112
) (/Users/cselva1/Library/TinyTeX/texmf-dist/tex/latex/orcidlink/orcidlink.sty
Package: orcidlink 2023/12/30 v1.0.5 Linked ORCiD logo macro package
\@curXheight=\skip113
) (/Users/cselva1/Library/TinyTeX/texmf-dist/tex/latex/colortbl/colortbl.sty
Package: colortbl 2024/05/26 v1.0h Color table columns (DPC)
\everycr=\toks46
\minrowclearance=\skip114
\rownum=\count351
) (/Users/cselva1/Library/TinyTeX/texmf-dist/tex/latex/tools/dcolumn.sty
Package: dcolumn 2023/07/08 v1.06 decimal alignment package (DPC)
) (/Users/cselva1/Library/TinyTeX/texmf-dist/tex/latex/setspace/setspace.sty
Package: setspace 2022/12/04 v6.7b set line spacing
) (/Users/cselva1/Library/TinyTeX/texmf-dist/tex/latex/bookmark/bookmark.sty
Package: bookmark 2023-12-10 v1.31 PDF bookmarks (HO)
(/Users/cselva1/Library/TinyTeX/texmf-dist/tex/latex/bookmark/bkm-pdftex.def
File: bkm-pdftex.def 2023-12-10 v1.31 bookmark driver for pdfTeX and luaTeX (HO)
\BKM@id=\count352
))
Package hyperref Info: Option `colorlinks' set `true' on input line 219.
\c@NumberOfAuthors=\count353
\c@NumberOfSuperscripts=\count354

Class apa7 Warning: Deprecated: see documentation for \authorsaffiliations on input line 240.

\c@NumberOfAffiliations=\count355
Package csquotes Info: Checking for multilingual support...
Package csquotes Info: ... found 'babel' package.
Package csquotes Info: Adjusting default style.
Package csquotes Info: Redefining alias 'default' -> 'english'.
(./2024-06-09_MA_March2024_neuer_verlauf.aux

LaTeX Warning: Label `akzep_3_019' multiply defined.


LaTeX Warning: Label `aktiv_1_180' multiply defined.


LaTeX Warning: Label `behav_1_129_r' multiply defined.


LaTeX Warning: Label `behav_1_132_r' multiply defined.


LaTeX Warning: Label `behav_1_133_r' multiply defined.


LaTeX Warning: Label `umgan_1_221' multiply defined.


LaTeX Warning: Label `umgan_1_222' multiply defined.


LaTeX Warning: Label `ablen_1_048' multiply defined.


LaTeX Warning: Label `famil_1_371' multiply defined.


LaTeX Warning: Label `famil_1_373' multiply defined.


LaTeX Warning: Label `famil_1_378' multiply defined.


LaTeX Warning: Label `zukun_1_339' multiply defined.


LaTeX Warning: Label `zukun_2_344' multiply defined.


LaTeX Warning: Label `zukun_2_347' multiply defined.


LaTeX Warning: Label `humor_1_082' multiply defined.


LaTeX Warning: Label `humor_1_085_r' multiply defined.


LaTeX Warning: Label `humor_1_087' multiply defined.


LaTeX Warning: Label `sinnz_1_300' multiply defined.


LaTeX Warning: Label `sinnz_2_312' multiply defined.


LaTeX Warning: Label `optim_2_211_r' multiply defined.


LaTeX Warning: Label `physi_1_263' multiply defined.


LaTeX Warning: Label `physi_1_264' multiply defined.


LaTeX Warning: Label `posit_1_167' multiply defined.


LaTeX Warning: Label `ableh_2_081_r' multiply defined.


LaTeX Warning: Label `selbv_1_198_r' multiply defined.


LaTeX Warning: Label `selbw_2_325' multiply defined.


LaTeX Warning: Label `sozia_1_038' multiply defined.


LaTeX Warning: Label `sozia_1_354' multiply defined.


LaTeX Warning: Label `sozia_1_355' multiply defined.


LaTeX Warning: Label `wunsc_1_154_r' multiply defined.

)
\openout1 = `2024-06-09_MA_March2024_neuer_verlauf.aux'.

LaTeX Font Info:    Checking defaults for OML/cmm/m/it on input line 268.
LaTeX Font Info:    ... okay on input line 268.
LaTeX Font Info:    Checking defaults for OMS/cmsy/m/n on input line 268.
LaTeX Font Info:    ... okay on input line 268.
LaTeX Font Info:    Checking defaults for OT1/cmr/m/n on input line 268.
LaTeX Font Info:    ... okay on input line 268.
LaTeX Font Info:    Checking defaults for T1/cmr/m/n on input line 268.
LaTeX Font Info:    ... okay on input line 268.
LaTeX Font Info:    Checking defaults for TS1/cmr/m/n on input line 268.
LaTeX Font Info:    ... okay on input line 268.
LaTeX Font Info:    Checking defaults for OMX/cmex/m/n on input line 268.
LaTeX Font Info:    ... okay on input line 268.
LaTeX Font Info:    Checking defaults for U/cmr/m/n on input line 268.
LaTeX Font Info:    ... okay on input line 268.
LaTeX Font Info:    Checking defaults for PD1/pdf/m/n on input line 268.
LaTeX Font Info:    ... okay on input line 268.
LaTeX Font Info:    Checking defaults for PU/pdf/m/n on input line 268.
LaTeX Font Info:    ... okay on input line 268.
*geometry* driver: auto-detecting
*geometry* detected driver: pdftex
*geometry* verbose mode - [ preamble ] result:
* driver: pdftex
* paper: <default>
* layout: <same size as paper>
* layoutoffset:(h,v)=(0.0pt,0.0pt)
* modes: twoside 
* h-part:(L,W,R)=(72.26999pt, 469.75502pt, 72.26999pt)
* v-part:(T,H,B)=(72.26999pt, 650.43001pt, 72.26999pt)
* \paperwidth=614.295pt
* \paperheight=794.96999pt
* \textwidth=469.75502pt
* \textheight=650.43001pt
* \oddsidemargin=0.0pt
* \evensidemargin=0.0pt
* \topmargin=-37.0pt
* \headheight=15.2pt
* \headsep=25.0pt
* \topskip=12.0pt
* \footskip=30.0pt
* \marginparwidth=95.0pt
* \marginparsep=10.0pt
* \columnsep=10.0pt
* \skip\footins=10.8pt plus 4.0pt minus 2.0pt
* \hoffset=0.0pt
* \voffset=0.0pt
* \mag=1000
* \@twocolumnfalse
* \@twosidetrue
* \@mparswitchtrue
* \@reversemarginfalse
* (1in=72.27pt=25.4mm, 1cm=28.453pt)

(/Users/cselva1/Library/TinyTeX/texmf-dist/tex/latex/epstopdf-pkg/epstopdf-base.sty
Package: epstopdf-base 2020-01-24 v2.11 Base part for package epstopdf
Package epstopdf-base Info: Redefining graphics rule for `.eps' on input line 485.
(/Users/cselva1/Library/TinyTeX/texmf-dist/tex/latex/latexconfig/epstopdf-sys.cfg
File: epstopdf-sys.cfg 2010/07/13 v1.3 Configuration of (r)epstopdf for TeX Live
))
Package hyperref Info: Link coloring ON on input line 268.
(/Users/cselva1/Library/TinyTeX/texmf-dist/tex/latex/apa7/config/APA7english.txt
File: APA7english.txt 2020/12/02 v1.02 apa7 configuration for non-American English
)
Package caption Info: Begin \AtBeginDocument code.
Package caption Info: float package is loaded.
Package caption Info: longtable package is loaded.
(/Users/cselva1/Library/TinyTeX/texmf-dist/tex/latex/caption/ltcaption.sty
Package: ltcaption 2021/01/08 v1.4c longtable captions (AR)
)
Package caption Info: End \AtBeginDocument code.
Package ragged2e Info: ABD: executing \RaggedRight on input line 268.
Class apa7 Info: Keywords not defined on input line 269.
LaTeX Font Info:    Trying to load font information for OT1+lmr on input line 269.
(/Users/cselva1/Library/TinyTeX/texmf-dist/tex/latex/lm/ot1lmr.fd
File: ot1lmr.fd 2015/05/01 v1.6.1 Font defs for Latin Modern
)
LaTeX Font Info:    Trying to load font information for OML+lmm on input line 269.
(/Users/cselva1/Library/TinyTeX/texmf-dist/tex/latex/lm/omllmm.fd
File: omllmm.fd 2015/05/01 v1.6.1 Font defs for Latin Modern
)
LaTeX Font Info:    Trying to load font information for OMS+lmsy on input line 269.
(/Users/cselva1/Library/TinyTeX/texmf-dist/tex/latex/lm/omslmsy.fd
File: omslmsy.fd 2015/05/01 v1.6.1 Font defs for Latin Modern
)
LaTeX Font Info:    Trying to load font information for OMX+lmex on input line 269.
(/Users/cselva1/Library/TinyTeX/texmf-dist/tex/latex/lm/omxlmex.fd
File: omxlmex.fd 2015/05/01 v1.6.1 Font defs for Latin Modern
)
LaTeX Font Info:    External font `lmex10' loaded for size
(Font)              <12> on input line 269.
LaTeX Font Info:    External font `lmex10' loaded for size
(Font)              <8> on input line 269.
LaTeX Font Info:    External font `lmex10' loaded for size
(Font)              <6> on input line 269.
LaTeX Font Info:    Trying to load font information for U+msa on input line 269.
(/Users/cselva1/Library/TinyTeX/texmf-dist/tex/latex/amsfonts/umsa.fd
File: umsa.fd 2013/01/14 v3.01 AMS symbols A
)
LaTeX Font Info:    Trying to load font information for U+msb on input line 269.
(/Users/cselva1/Library/TinyTeX/texmf-dist/tex/latex/amsfonts/umsb.fd
File: umsb.fd 2013/01/14 v3.01 AMS symbols B
)

[1{/Users/cselva1/Library/TinyTeX/texmf-var/fonts/map/pdftex/updmap/pdftex.map}{/Users/cselva1/Library/TinyTeX/texmf-dist/fonts/enc/dvips/lm/lm-ec.enc}

]


pdfTeX warning (ext4): destination with the same identifier (name{page.}) has been already used, duplicate ignored
<to be read again> 
                   \relax 
l.269 \maketitle
                 [2{/Users/cselva1/Library/TinyTeX/texmf-dist/fonts/enc/dvips/lm/lm-mathit.enc}]


pdfTeX warning (ext4): destination with the same identifier (name{page.}) has been already used, duplicate ignored
<to be read again> 
                   \relax 
l.269 \maketitle
                 [3]

[1]

[2]

[3]

[4]

[5]

[6]

[7]
LaTeX Font Info:    Trying to load font information for TS1+lmr on input line 319.
(/Users/cselva1/Library/TinyTeX/texmf-dist/tex/latex/lm/ts1lmr.fd
File: ts1lmr.fd 2015/05/01 v1.6.1 Font defs for Latin Modern
)

[8{/Users/cselva1/Library/TinyTeX/texmf-dist/fonts/enc/dvips/lm/lm-ts1.enc}]

[9{/Users/cselva1/Library/TinyTeX/texmf-dist/fonts/enc/dvips/lm/lm-rm.enc}]
LaTeX Font Info:    Trying to load font information for T1+lmtt on input line 340.
(/Users/cselva1/Library/TinyTeX/texmf-dist/tex/latex/lm/t1lmtt.fd
File: t1lmtt.fd 2015/05/01 v1.6.1 Font defs for Latin Modern
)

[10]

[11]
Overfull \hbox (5.61832pt too wide) in paragraph at lines 352--353
[]\T1/lmtt/m/n/12 - Domains of the Big Five Inventory-2 (BFI-2). \T1/lmr/m/n/12 The Ger-man BFI-2 (30-item, [][]Ramm-
 []


Overfull \hbox (1.62039pt too wide) in paragraph at lines 358--360
[]\T1/lmtt/m/n/12 - Perceived Political Self-Efficacy (P-PSE). \T1/lmr/m/n/12 The P-PSE ([][]Bromme et al., 2020[][]) mea-
 []



[12]

[13]

[14]
<sem/sem4_saved_backup.png, id=238, 4015.0pt x 1558.82375pt>
File: sem/sem4_saved_backup.png Graphic file (type png)
<use sem/sem4_saved_backup.png>
Package pdftex.def Info: sem/sem4_saved_backup.png  used on input line 382.
(pdftex.def)             Requested size: 469.71024pt x 182.36499pt.


[15]

[16 <./sem/sem4_saved_backup.png>]

[17]

[18]
<2024-06-09_MA_March2024_neuer_verlauf_files/figure-latex/myfig23-1.pdf, id=274, 469.755pt x 325.215pt>
File: 2024-06-09_MA_March2024_neuer_verlauf_files/figure-latex/myfig23-1.pdf Graphic file (type pdf)
<use 2024-06-09_MA_March2024_neuer_verlauf_files/figure-latex/myfig23-1.pdf>
Package pdftex.def Info: 2024-06-09_MA_March2024_neuer_verlauf_files/figure-latex/myfig23-1.pdf  used on input line 416.
(pdftex.def)             Requested size: 469.75386pt x 325.2142pt.


[19]
LaTeX Font Info:    External font `lmex10' loaded for size
(Font)              <10> on input line 421.
LaTeX Font Info:    External font `lmex10' loaded for size
(Font)              <7> on input line 421.
LaTeX Font Info:    External font `lmex10' loaded for size
(Font)              <5> on input line 421.


[20 <./2024-06-09_MA_March2024_neuer_verlauf_files/figure-latex/myfig23-1.pdf>]

[21]

[22]

[23]
Overfull \hbox (11.32303pt too wide) in paragraph at lines 455--455
[] []  
 []


Overfull \hbox (16.88016pt too wide) in alignment at lines 454--461
 [] [] [] [] [] [] [] [] [] [] [] [] [] [] [] [] [] [] [] 
 []


Overfull \hbox (11.32303pt too wide) in paragraph at lines 462--462
[] []  
 []


Overfull \hbox (16.88016pt too wide) in alignment at lines 461--468
 [] [] [] [] [] [] [] [] [] [] [] [] [] [] [] [] [] [] [] 
 []


Overfull \hbox (16.88016pt too wide) in alignment at lines 468--502
 [] [] [] [] [] [] [] [] [] [] [] [] [] [] [] [] [] [] [] 
 []

[24

]

[25]

[26

{/Users/cselva1/Library/TinyTeX/texmf-dist/fonts/enc/dvips/lm/lm-mathex.enc}{/Users/cselva1/Library/TinyTeX/texmf-dist/fonts/enc/dvips/lm/lm-mathsy.enc}]

[27]

[28]

[29]

[30]

[31]
Overfull \hbox (6.44293pt too wide) in paragraph at lines 581--582
[]\T1/lmr/m/n/10 Burnham, K. P., & An-der-son, D. R. (2002). \T1/lmr/m/it/10 Model se-lec-tion and mul-ti-model in-fer-ence: A prac-ti-cal information-
 []



[32]

[33]

[34]

[35]
Overfull \hbox (3.33026pt too wide) in paragraph at lines 725--726
[]\T1/lmr/m/n/10 Pedersen, T. L. (2024). \T1/lmr/m/it/10 Patch-work: The com-poser of plots\T1/lmr/m/n/10 . [][]$https : / / CRAN . R -[] project . org / package = patchwork$[][] 
 []


Overfull \hbox (15.17441pt too wide) in paragraph at lines 728--729
$\T1/lmr/m/n/10 / / journals . lww . com / advancesinnursingscience / fulltext / 1997 / 03000 / toward _ a _ middle _ range _ theory _ of _$
 []



[36]

[37]

[38]

[39]

[40]

[41]

[42]

[43]

[44

]
Overfull \hbox (1.73004pt too wide) in paragraph at lines 967--967
[]|\T1/lmr/m/n/6 4.84|  
 []


Overfull \hbox (1.73004pt too wide) in paragraph at lines 967--968
[]|\T1/lmr/m/n/6 1.40|  
 []


Overfull \hbox (1.73004pt too wide) in paragraph at lines 968--968
[]|\T1/lmr/m/n/6 5.02|  
 []


Overfull \hbox (1.73004pt too wide) in paragraph at lines 968--969
[]|\T1/lmr/m/n/6 1.46|  
 []


Overfull \hbox (1.73004pt too wide) in paragraph at lines 969--969
[]|\T1/lmr/m/n/6 5.01|  
 []


Overfull \hbox (1.73004pt too wide) in paragraph at lines 969--970
[]|\T1/lmr/m/n/6 1.55|  
 []


Overfull \hbox (1.73004pt too wide) in paragraph at lines 970--970
[]|\T1/lmr/m/n/6 4.59|  
 []


Overfull \hbox (1.73004pt too wide) in paragraph at lines 970--971
[]|\T1/lmr/m/n/6 1.62|  
 []


Overfull \hbox (1.73004pt too wide) in paragraph at lines 971--971
[]|\T1/lmr/m/n/6 5.46|  
 []


Overfull \hbox (1.73004pt too wide) in paragraph at lines 971--972
[]|\T1/lmr/m/n/6 1.65|  
 []


Overfull \hbox (1.73004pt too wide) in paragraph at lines 972--972
[]|\T1/lmr/m/n/6 4.53|  
 []


Overfull \hbox (1.73004pt too wide) in paragraph at lines 972--973
[]|\T1/lmr/m/n/6 1.88|  
 []


Overfull \hbox (1.73004pt too wide) in paragraph at lines 973--973
[]|\T1/lmr/m/n/6 4.96|  
 []


Overfull \hbox (1.73004pt too wide) in paragraph at lines 973--974
[]|\T1/lmr/m/n/6 1.50|  
 []


Overfull \hbox (1.73004pt too wide) in paragraph at lines 974--974
[]|\T1/lmr/m/n/6 4.84|  
 []


Overfull \hbox (1.73004pt too wide) in paragraph at lines 974--975
[]|\T1/lmr/m/n/6 1.64|  
 []


Overfull \hbox (1.73004pt too wide) in paragraph at lines 975--975
[]|\T1/lmr/m/n/6 4.94|  
 []


Overfull \hbox (1.73004pt too wide) in paragraph at lines 975--976
[]|\T1/lmr/m/n/6 1.48|  
 []


Overfull \hbox (1.73004pt too wide) in paragraph at lines 976--976
[]|\T1/lmr/m/n/6 4.84|  
 []


Overfull \hbox (1.73004pt too wide) in paragraph at lines 976--977
[]|\T1/lmr/m/n/6 1.46|  
 []


Overfull \hbox (1.73004pt too wide) in paragraph at lines 977--977
[]|\T1/lmr/m/n/6 5.06|  
 []


Overfull \hbox (1.73004pt too wide) in paragraph at lines 977--978
[]|\T1/lmr/m/n/6 1.53|  
 []


Overfull \hbox (1.73004pt too wide) in paragraph at lines 978--978
[]|\T1/lmr/m/n/6 4.73|  
 []


Overfull \hbox (1.73004pt too wide) in paragraph at lines 978--979
[]|\T1/lmr/m/n/6 1.51|  
 []


Overfull \hbox (1.73004pt too wide) in paragraph at lines 979--979
[]|\T1/lmr/m/n/6 5.56|  
 []


Overfull \hbox (1.73004pt too wide) in paragraph at lines 979--980
[]|\T1/lmr/m/n/6 1.43|  
 []


Overfull \hbox (1.73004pt too wide) in paragraph at lines 980--980
[]|\T1/lmr/m/n/6 4.65|  
 []


Overfull \hbox (1.73004pt too wide) in paragraph at lines 980--981
[]|\T1/lmr/m/n/6 1.81|  
 []


Overfull \hbox (1.73004pt too wide) in paragraph at lines 981--981
[]|\T1/lmr/m/n/6 5.62|  
 []


Overfull \hbox (1.73004pt too wide) in paragraph at lines 981--982
[]|\T1/lmr/m/n/6 1.40|  
 []


Overfull \hbox (1.73004pt too wide) in paragraph at lines 982--982
[]|\T1/lmr/m/n/6 4.56|  
 []


Overfull \hbox (1.73004pt too wide) in paragraph at lines 982--983
[]|\T1/lmr/m/n/6 1.57|  
 []


Overfull \hbox (1.73004pt too wide) in paragraph at lines 983--983
[]|\T1/lmr/m/n/6 4.64|  
 []


Overfull \hbox (1.73004pt too wide) in paragraph at lines 983--984
[]|\T1/lmr/m/n/6 1.47|  
 []


Overfull \hbox (1.73004pt too wide) in paragraph at lines 984--984
[]|\T1/lmr/m/n/6 5.60|  
 []


Overfull \hbox (1.73004pt too wide) in paragraph at lines 984--985
[]|\T1/lmr/m/n/6 1.66|  
 []


Overfull \hbox (1.73004pt too wide) in paragraph at lines 985--985
[]|\T1/lmr/m/n/6 5.13|  
 []


Overfull \hbox (1.73004pt too wide) in paragraph at lines 985--986
[]|\T1/lmr/m/n/6 1.86|  
 []


Overfull \hbox (1.73004pt too wide) in paragraph at lines 986--986
[]|\T1/lmr/m/n/6 4.88|  
 []


Overfull \hbox (1.73004pt too wide) in paragraph at lines 986--987
[]|\T1/lmr/m/n/6 1.60|  
 []


Overfull \hbox (1.73004pt too wide) in paragraph at lines 987--987
[]|\T1/lmr/m/n/6 4.90|  
 []


Overfull \hbox (1.73004pt too wide) in paragraph at lines 987--988
[]|\T1/lmr/m/n/6 1.81|  
 []


Overfull \hbox (1.73004pt too wide) in paragraph at lines 988--988
[]|\T1/lmr/m/n/6 4.97|  
 []


Overfull \hbox (1.73004pt too wide) in paragraph at lines 988--989
[]|\T1/lmr/m/n/6 1.52|  
 []


Overfull \hbox (1.73004pt too wide) in paragraph at lines 989--989
[]|\T1/lmr/m/n/6 5.34|  
 []


Overfull \hbox (1.73004pt too wide) in paragraph at lines 989--990
[]|\T1/lmr/m/n/6 1.91|  
 []


Overfull \hbox (1.73004pt too wide) in paragraph at lines 990--990
[]|\T1/lmr/m/n/6 4.42|  
 []


Overfull \hbox (1.73004pt too wide) in paragraph at lines 990--991
[]|\T1/lmr/m/n/6 1.55|  
 []


Overfull \hbox (3.37282pt too wide) in paragraph at lines 991--991
[]|[][][]\T1/lmr/m/n/6 25(28)[][][]|  
 []


Overfull \hbox (1.73004pt too wide) in paragraph at lines 991--991
[]|\T1/lmr/m/n/6 4.70|  
 []


Overfull \hbox (1.73004pt too wide) in paragraph at lines 991--992
[]|\T1/lmr/m/n/6 1.48|  
 []


Overfull \hbox (3.37282pt too wide) in paragraph at lines 992--992
[]|[][][]\T1/lmr/m/n/6 26(29)[][][]|  
 []


Overfull \hbox (1.73004pt too wide) in paragraph at lines 992--992
[]|\T1/lmr/m/n/6 4.14|  
 []


Overfull \hbox (1.73004pt too wide) in paragraph at lines 992--993
[]|\T1/lmr/m/n/6 1.44|  
 []


Overfull \hbox (3.37282pt too wide) in paragraph at lines 993--993
[]|[][][]\T1/lmr/m/n/6 27(27)[][][]|  
 []


Overfull \hbox (1.73004pt too wide) in paragraph at lines 993--993
[]|\T1/lmr/m/n/6 4.53|  
 []


Overfull \hbox (1.73004pt too wide) in paragraph at lines 993--994
[]|\T1/lmr/m/n/6 1.94|  
 []


Overfull \hbox (1.73004pt too wide) in paragraph at lines 994--994
[]|\T1/lmr/m/n/6 4.62|  
 []


Overfull \hbox (1.73004pt too wide) in paragraph at lines 994--995
[]|\T1/lmr/m/n/6 1.74|  
 []


Overfull \hbox (1.73004pt too wide) in paragraph at lines 995--995
[]|\T1/lmr/m/n/6 4.81|  
 []


Overfull \hbox (1.73004pt too wide) in paragraph at lines 995--996
[]|\T1/lmr/m/n/6 1.71|  
 []


Overfull \hbox (3.37282pt too wide) in paragraph at lines 996--996
[]|[][][]\T1/lmr/m/n/6 30(20)[][][]|  
 []


Overfull \hbox (1.73004pt too wide) in paragraph at lines 996--996
[]|\T1/lmr/m/n/6 5.53|  
 []


Overfull \hbox (1.73004pt too wide) in paragraph at lines 996--997
[]|\T1/lmr/m/n/6 1.67|  
 []


Overfull \hbox (3.37282pt too wide) in paragraph at lines 997--997
[]|[][][]\T1/lmr/m/n/6 31(19)[][][]|  
 []


Overfull \hbox (1.73004pt too wide) in paragraph at lines 997--997
[]|\T1/lmr/m/n/6 5.70|  
 []


Overfull \hbox (1.73004pt too wide) in paragraph at lines 997--998
[]|\T1/lmr/m/n/6 1.67|  
 []


Overfull \hbox (1.73004pt too wide) in paragraph at lines 998--998
[]|\T1/lmr/m/n/6 5.28|  
 []


Overfull \hbox (1.73004pt too wide) in paragraph at lines 998--999
[]|\T1/lmr/m/n/6 1.75|  
 []


Overfull \hbox (3.37282pt too wide) in paragraph at lines 999--999
[]|[][][]\T1/lmr/m/n/6 33(21)[][][]|  
 []


Overfull \hbox (1.73004pt too wide) in paragraph at lines 999--999
[]|\T1/lmr/m/n/6 5.46|  
 []


Overfull \hbox (1.73004pt too wide) in paragraph at lines 999--1000
[]|\T1/lmr/m/n/6 1.70|  
 []


Overfull \hbox (1.73004pt too wide) in paragraph at lines 1000--1000
[]|\T1/lmr/m/n/6 4.87|  
 []


Overfull \hbox (1.73004pt too wide) in paragraph at lines 1000--1001
[]|\T1/lmr/m/n/6 1.57|  
 []


Overfull \hbox (1.73004pt too wide) in paragraph at lines 1001--1001
[]|\T1/lmr/m/n/6 4.44|  
 []


Overfull \hbox (1.73004pt too wide) in paragraph at lines 1001--1002
[]|\T1/lmr/m/n/6 1.87|  
 []


Overfull \hbox (1.73004pt too wide) in paragraph at lines 1002--1002
[]|\T1/lmr/m/n/6 5.40|  
 []


Overfull \hbox (1.73004pt too wide) in paragraph at lines 1002--1003
[]|\T1/lmr/m/n/6 1.78|  
 []


Overfull \hbox (1.73004pt too wide) in paragraph at lines 1003--1003
[]|\T1/lmr/m/n/6 5.19|  
 []


Overfull \hbox (1.73004pt too wide) in paragraph at lines 1003--1004
[]|\T1/lmr/m/n/6 1.42|  
 []


Overfull \hbox (1.73004pt too wide) in paragraph at lines 1004--1004
[]|\T1/lmr/m/n/6 5.46|  
 []


Overfull \hbox (1.73004pt too wide) in paragraph at lines 1004--1005
[]|\T1/lmr/m/n/6 1.43|  
 []


Overfull \hbox (3.37282pt too wide) in paragraph at lines 1005--1005
[]|[][][]\T1/lmr/m/n/6 39(13)[][][]|  
 []


Overfull \hbox (1.73004pt too wide) in paragraph at lines 1005--1005
[]|\T1/lmr/m/n/6 4.92|  
 []


Overfull \hbox (1.73004pt too wide) in paragraph at lines 1005--1006
[]|\T1/lmr/m/n/6 1.64|  
 []


Overfull \hbox (1.73004pt too wide) in paragraph at lines 1006--1006
[]|\T1/lmr/m/n/6 4.83|  
 []


Overfull \hbox (1.73004pt too wide) in paragraph at lines 1006--1007
[]|\T1/lmr/m/n/6 1.54|  
 []


Overfull \hbox (3.37282pt too wide) in paragraph at lines 1007--1007
[]|[][][]\T1/lmr/m/n/6 41(15)[][][]|  
 []


Overfull \hbox (1.73004pt too wide) in paragraph at lines 1007--1007
[]|\T1/lmr/m/n/6 4.74|  
 []


Overfull \hbox (1.73004pt too wide) in paragraph at lines 1007--1008
[]|\T1/lmr/m/n/6 1.69|  
 []


Overfull \hbox (1.73004pt too wide) in paragraph at lines 1008--1008
[]|\T1/lmr/m/n/6 4.80|  
 []


Overfull \hbox (1.73004pt too wide) in paragraph at lines 1008--1009
[]|\T1/lmr/m/n/6 1.66|  
 []


Overfull \hbox (3.37282pt too wide) in paragraph at lines 1009--1009
[]|[][][]\T1/lmr/m/n/6 43(14)[][][]|  
 []


Overfull \hbox (1.73004pt too wide) in paragraph at lines 1009--1009
[]|\T1/lmr/m/n/6 5.15|  
 []


Overfull \hbox (1.73004pt too wide) in paragraph at lines 1009--1010
[]|\T1/lmr/m/n/6 1.43|  
 []


Overfull \hbox (1.73004pt too wide) in paragraph at lines 1010--1010
[]|\T1/lmr/m/n/6 5.10|  
 []


Overfull \hbox (1.73004pt too wide) in paragraph at lines 1010--1011
[]|\T1/lmr/m/n/6 1.52|  
 []


Overfull \hbox (1.73004pt too wide) in paragraph at lines 1011--1011
[]|\T1/lmr/m/n/6 4.82|  
 []


Overfull \hbox (1.73004pt too wide) in paragraph at lines 1011--1012
[]|\T1/lmr/m/n/6 1.58|  
 []


Overfull \hbox (3.37282pt too wide) in paragraph at lines 1012--1012
[]|[][][]\T1/lmr/m/n/6 46(16)[][][]|  
 []


Overfull \hbox (1.73004pt too wide) in paragraph at lines 1012--1012
[]|\T1/lmr/m/n/6 5.29|  
 []


Overfull \hbox (1.73004pt too wide) in paragraph at lines 1012--1013
[]|\T1/lmr/m/n/6 1.51|  
 []


Overfull \hbox (3.37282pt too wide) in paragraph at lines 1013--1013
[]|[][][]\T1/lmr/m/n/6 47(18)[][][]|  
 []


Overfull \hbox (1.73004pt too wide) in paragraph at lines 1013--1013
[]|\T1/lmr/m/n/6 4.56|  
 []


Overfull \hbox (1.73004pt too wide) in paragraph at lines 1013--1014
[]|\T1/lmr/m/n/6 1.77|  
 []


Overfull \hbox (3.37282pt too wide) in paragraph at lines 1014--1014
[]|[][][]\T1/lmr/m/n/6 48(17)[][][]|  
 []


Overfull \hbox (1.73004pt too wide) in paragraph at lines 1014--1014
[]|\T1/lmr/m/n/6 5.75|  
 []


Overfull \hbox (1.73004pt too wide) in paragraph at lines 1014--1015
[]|\T1/lmr/m/n/6 1.41|  
 []


Overfull \hbox (1.73004pt too wide) in paragraph at lines 1015--1015
[]|\T1/lmr/m/n/6 4.37|  
 []


Overfull \hbox (1.73004pt too wide) in paragraph at lines 1015--1016
[]|\T1/lmr/m/n/6 1.94|  
 []


Overfull \hbox (1.73004pt too wide) in paragraph at lines 1016--1016
[]|\T1/lmr/m/n/6 5.23|  
 []


Overfull \hbox (1.73004pt too wide) in paragraph at lines 1016--1017
[]|\T1/lmr/m/n/6 1.59|  
 []


Overfull \hbox (1.73004pt too wide) in paragraph at lines 1017--1017
[]|\T1/lmr/m/n/6 4.52|  
 []


Overfull \hbox (1.73004pt too wide) in paragraph at lines 1017--1018
[]|\T1/lmr/m/n/6 1.85|  
 []


Overfull \hbox (1.73004pt too wide) in paragraph at lines 1018--1018
[]|\T1/lmr/m/n/6 5.16|  
 []


Overfull \hbox (1.73004pt too wide) in paragraph at lines 1018--1019
[]|\T1/lmr/m/n/6 1.93|  
 []


Overfull \hbox (1.73004pt too wide) in paragraph at lines 1019--1019
[]|\T1/lmr/m/n/6 5.95|  
 []


Overfull \hbox (1.73004pt too wide) in paragraph at lines 1019--1020
[]|\T1/lmr/m/n/6 1.36|  
 []


Overfull \hbox (1.73004pt too wide) in paragraph at lines 1020--1020
[]|\T1/lmr/m/n/6 4.93|  
 []


Overfull \hbox (1.73004pt too wide) in paragraph at lines 1020--1021
[]|\T1/lmr/m/n/6 1.59|  
 []


Overfull \hbox (1.73004pt too wide) in paragraph at lines 1021--1021
[]|\T1/lmr/m/n/6 4.68|  
 []


Overfull \hbox (1.73004pt too wide) in paragraph at lines 1021--1022
[]|\T1/lmr/m/n/6 1.59|  
 []


Overfull \hbox (1.73004pt too wide) in paragraph at lines 1022--1022
[]|\T1/lmr/m/n/6 5.12|  
 []


Overfull \hbox (1.73004pt too wide) in paragraph at lines 1022--1023
[]|\T1/lmr/m/n/6 1.71|  
 []


Overfull \hbox (1.73004pt too wide) in paragraph at lines 1023--1023
[]|\T1/lmr/m/n/6 4.91|  
 []


Overfull \hbox (1.73004pt too wide) in paragraph at lines 1023--1024
[]|\T1/lmr/m/n/6 1.54|  
 []


Overfull \hbox (1.73004pt too wide) in paragraph at lines 1024--1024
[]|\T1/lmr/m/n/6 4.72|  
 []


Overfull \hbox (1.73004pt too wide) in paragraph at lines 1024--1025
[]|\T1/lmr/m/n/6 1.57|  
 []


Overfull \hbox (1.73004pt too wide) in paragraph at lines 1025--1025
[]|\T1/lmr/m/n/6 5.21|  
 []


Overfull \hbox (1.73004pt too wide) in paragraph at lines 1025--1026
[]|\T1/lmr/m/n/6 1.49|  
 []


Overfull \hbox (1.73004pt too wide) in paragraph at lines 1026--1026
[]|\T1/lmr/m/n/6 4.44|  
 []


Overfull \hbox (1.73004pt too wide) in paragraph at lines 1026--1027
[]|\T1/lmr/m/n/6 1.70|  
 []


Overfull \hbox (1.73004pt too wide) in paragraph at lines 1027--1027
[]|\T1/lmr/m/n/6 4.26|  
 []


Overfull \hbox (1.73004pt too wide) in paragraph at lines 1027--1028
[]|\T1/lmr/m/n/6 1.63|  
 []


Overfull \hbox (1.73004pt too wide) in paragraph at lines 1028--1028
[]|\T1/lmr/m/n/6 5.26|  
 []


Overfull \hbox (1.73004pt too wide) in paragraph at lines 1028--1029
[]|\T1/lmr/m/n/6 1.50|  
 []


Overfull \hbox (1.73004pt too wide) in paragraph at lines 1029--1029
[]|\T1/lmr/m/n/6 5.73|  
 []


Overfull \hbox (1.73004pt too wide) in paragraph at lines 1029--1030
[]|\T1/lmr/m/n/6 1.51|  
 []


Overfull \hbox (1.73004pt too wide) in paragraph at lines 1030--1030
[]|\T1/lmr/m/n/6 4.44|  
 []


Overfull \hbox (1.73004pt too wide) in paragraph at lines 1030--1031
[]|\T1/lmr/m/n/6 1.86|  
 []


Overfull \hbox (1.73004pt too wide) in paragraph at lines 1031--1031
[]|\T1/lmr/m/n/6 5.11|  
 []


Overfull \hbox (1.73004pt too wide) in paragraph at lines 1031--1032
[]|\T1/lmr/m/n/6 1.48|  
 []


Overfull \hbox (3.37282pt too wide) in paragraph at lines 1032--1032
[]|[][][]\T1/lmr/m/n/6 66(12)[][][]|  
 []


Overfull \hbox (1.73004pt too wide) in paragraph at lines 1032--1032
[]|\T1/lmr/m/n/6 5.09|  
 []


Overfull \hbox (1.73004pt too wide) in paragraph at lines 1032--1033
[]|\T1/lmr/m/n/6 1.49|  
 []


Overfull \hbox (1.73004pt too wide) in paragraph at lines 1033--1033
[]|\T1/lmr/m/n/6 5.16|  
 []


Overfull \hbox (1.73004pt too wide) in paragraph at lines 1033--1034
[]|\T1/lmr/m/n/6 1.40|  
 []


Overfull \hbox (3.37282pt too wide) in paragraph at lines 1034--1034
[]|[][][]\T1/lmr/m/n/6 68(26)[][][]|  
 []


Overfull \hbox (1.73004pt too wide) in paragraph at lines 1034--1034
[]|\T1/lmr/m/n/6 4.56|  
 []


Overfull \hbox (1.73004pt too wide) in paragraph at lines 1034--1035
[]|\T1/lmr/m/n/6 2.30|  
 []


Overfull \hbox (3.37282pt too wide) in paragraph at lines 1035--1035
[]|[][][]\T1/lmr/m/n/6 69(25)[][][]|  
 []


Overfull \hbox (1.73004pt too wide) in paragraph at lines 1035--1035
[]|\T1/lmr/m/n/6 4.76|  
 []


Overfull \hbox (1.73004pt too wide) in paragraph at lines 1035--1036
[]|\T1/lmr/m/n/6 2.10|  
 []


Overfull \hbox (1.73004pt too wide) in paragraph at lines 1036--1036
[]|\T1/lmr/m/n/6 5.25|  
 []


Overfull \hbox (1.73004pt too wide) in paragraph at lines 1036--1037
[]|\T1/lmr/m/n/6 1.47|  
 []


Overfull \hbox (1.73004pt too wide) in paragraph at lines 1037--1037
[]|\T1/lmr/m/n/6 4.97|  
 []


Overfull \hbox (1.73004pt too wide) in paragraph at lines 1037--1038
[]|\T1/lmr/m/n/6 1.48|  
 []


Overfull \hbox (1.73004pt too wide) in paragraph at lines 1038--1038
[]|\T1/lmr/m/n/6 4.46|  
 []


Overfull \hbox (1.73004pt too wide) in paragraph at lines 1038--1039
[]|\T1/lmr/m/n/6 1.65|  
 []


Overfull \hbox (1.73004pt too wide) in paragraph at lines 1039--1039
[]|\T1/lmr/m/n/6 5.00|  
 []


Overfull \hbox (1.73004pt too wide) in paragraph at lines 1039--1040
[]|\T1/lmr/m/n/6 1.44|  
 []


Overfull \hbox (1.73004pt too wide) in paragraph at lines 1040--1040
[]|\T1/lmr/m/n/6 5.29|  
 []


Overfull \hbox (1.73004pt too wide) in paragraph at lines 1040--1041
[]|\T1/lmr/m/n/6 1.78|  
 []


Overfull \hbox (1.73004pt too wide) in paragraph at lines 1041--1041
[]|\T1/lmr/m/n/6 5.35|  
 []


Overfull \hbox (1.73004pt too wide) in paragraph at lines 1041--1042
[]|\T1/lmr/m/n/6 1.73|  
 []


Overfull \hbox (1.73004pt too wide) in paragraph at lines 1042--1042
[]|\T1/lmr/m/n/6 5.54|  
 []


Overfull \hbox (1.73004pt too wide) in paragraph at lines 1042--1043
[]|\T1/lmr/m/n/6 1.73|  
 []


Overfull \hbox (1.73004pt too wide) in paragraph at lines 1043--1043
[]|\T1/lmr/m/n/6 5.13|  
 []


Overfull \hbox (1.73004pt too wide) in paragraph at lines 1043--1044
[]|\T1/lmr/m/n/6 1.52|  
 []


Overfull \hbox (1.73004pt too wide) in paragraph at lines 1044--1044
[]|\T1/lmr/m/n/6 4.52|  
 []


Overfull \hbox (1.73004pt too wide) in paragraph at lines 1044--1045
[]|\T1/lmr/m/n/6 1.85|  
 []


Overfull \hbox (1.73004pt too wide) in paragraph at lines 1045--1045
[]|\T1/lmr/m/n/6 5.50|  
 []


Overfull \hbox (1.73004pt too wide) in paragraph at lines 1045--1046
[]|\T1/lmr/m/n/6 1.31|  
 []


Overfull \hbox (1.73004pt too wide) in paragraph at lines 1046--1046
[]|\T1/lmr/m/n/6 5.30|  
 []


Overfull \hbox (1.73004pt too wide) in paragraph at lines 1046--1047
[]|\T1/lmr/m/n/6 1.51|  
 []


Overfull \hbox (1.73004pt too wide) in paragraph at lines 1047--1047
[]|\T1/lmr/m/n/6 4.90|  
 []


Overfull \hbox (1.73004pt too wide) in paragraph at lines 1047--1048
[]|\T1/lmr/m/n/6 1.47|  
 []


Overfull \hbox (3.37282pt too wide) in paragraph at lines 1048--1048
[]|[][][]\T1/lmr/m/n/6 82(10)[][][]|  
 []


Overfull \hbox (1.73004pt too wide) in paragraph at lines 1048--1048
[]|\T1/lmr/m/n/6 5.26|  
 []


Overfull \hbox (1.73004pt too wide) in paragraph at lines 1048--1049
[]|\T1/lmr/m/n/6 1.29|  
 []


Overfull \hbox (1.73004pt too wide) in paragraph at lines 1049--1049
[]|\T1/lmr/m/n/6 5.11|  
 []


Overfull \hbox (1.73004pt too wide) in paragraph at lines 1049--1050
[]|\T1/lmr/m/n/6 1.37|  
 []


Overfull \hbox (1.73004pt too wide) in paragraph at lines 1050--1050
[]|\T1/lmr/m/n/6 5.27|  
 []


Overfull \hbox (1.73004pt too wide) in paragraph at lines 1050--1051
[]|\T1/lmr/m/n/6 1.45|  
 []


Overfull \hbox (1.73004pt too wide) in paragraph at lines 1051--1051
[]|\T1/lmr/m/n/6 5.48|  
 []


Overfull \hbox (1.73004pt too wide) in paragraph at lines 1051--1052
[]|\T1/lmr/m/n/6 1.30|  
 []


Overfull \hbox (1.73004pt too wide) in paragraph at lines 1052--1052
[]|\T1/lmr/m/n/6 4.57|  
 []


Overfull \hbox (1.73004pt too wide) in paragraph at lines 1052--1053
[]|\T1/lmr/m/n/6 1.58|  
 []


Overfull \hbox (3.37282pt too wide) in paragraph at lines 1053--1053
[]|[][][]\T1/lmr/m/n/6 87(23)[][][]|  
 []


Overfull \hbox (1.73004pt too wide) in paragraph at lines 1053--1053
[]|\T1/lmr/m/n/6 5.49|  
 []


Overfull \hbox (1.73004pt too wide) in paragraph at lines 1053--1054
[]|\T1/lmr/m/n/6 1.59|  
 []


Overfull \hbox (1.73004pt too wide) in paragraph at lines 1054--1054
[]|\T1/lmr/m/n/6 5.85|  
 []


Overfull \hbox (1.73004pt too wide) in paragraph at lines 1054--1055
[]|\T1/lmr/m/n/6 1.36|  
 []


Overfull \hbox (1.73004pt too wide) in paragraph at lines 1055--1055
[]|\T1/lmr/m/n/6 4.91|  
 []


Overfull \hbox (1.73004pt too wide) in paragraph at lines 1055--1056
[]|\T1/lmr/m/n/6 1.92|  
 []


Overfull \hbox (3.37282pt too wide) in paragraph at lines 1056--1056
[]|[][][]\T1/lmr/m/n/6 90(24)[][][]|  
 []


Overfull \hbox (1.73004pt too wide) in paragraph at lines 1056--1056
[]|\T1/lmr/m/n/6 5.71|  
 []


Overfull \hbox (1.73004pt too wide) in paragraph at lines 1056--1057
[]|\T1/lmr/m/n/6 1.44|  
 []


Overfull \hbox (3.37282pt too wide) in paragraph at lines 1057--1057
[]|[][][]\T1/lmr/m/n/6 91(22)[][][]|  
 []


Overfull \hbox (1.73004pt too wide) in paragraph at lines 1057--1057
[]|\T1/lmr/m/n/6 5.42|  
 []


Overfull \hbox (1.73004pt too wide) in paragraph at lines 1057--1058
[]|\T1/lmr/m/n/6 1.52|  
 []


Overfull \hbox (1.73004pt too wide) in paragraph at lines 1058--1058
[]|\T1/lmr/m/n/6 5.11|  
 []


Overfull \hbox (1.73004pt too wide) in paragraph at lines 1058--1059
[]|\T1/lmr/m/n/6 1.75|  
 []


Overfull \hbox (1.73004pt too wide) in paragraph at lines 1059--1059
[]|\T1/lmr/m/n/6 4.58|  
 []


Overfull \hbox (1.73004pt too wide) in paragraph at lines 1059--1060
[]|\T1/lmr/m/n/6 1.87|  
 []


Overfull \hbox (1.73004pt too wide) in paragraph at lines 1060--1060
[]|\T1/lmr/m/n/6 4.92|  
 []


Overfull \hbox (1.73004pt too wide) in paragraph at lines 1060--1061
[]|\T1/lmr/m/n/6 1.90|  
 []


Overfull \hbox (1.73004pt too wide) in paragraph at lines 1061--1061
[]|\T1/lmr/m/n/6 4.97|  
 []


Overfull \hbox (1.73004pt too wide) in paragraph at lines 1061--1062
[]|\T1/lmr/m/n/6 2.09|  
 []


Overfull \hbox (1.73004pt too wide) in paragraph at lines 1062--1062
[]|\T1/lmr/m/n/6 4.46|  
 []


Overfull \hbox (1.73004pt too wide) in paragraph at lines 1062--1063
[]|\T1/lmr/m/n/6 2.09|  
 []


Overfull \hbox (1.73004pt too wide) in paragraph at lines 1063--1063
[]|\T1/lmr/m/n/6 4.21|  
 []


Overfull \hbox (1.73004pt too wide) in paragraph at lines 1063--1064
[]|\T1/lmr/m/n/6 2.11|  
 []


Overfull \hbox (1.73004pt too wide) in paragraph at lines 1064--1064
[]|\T1/lmr/m/n/6 5.37|  
 []


Overfull \hbox (1.73004pt too wide) in paragraph at lines 1064--1065
[]|\T1/lmr/m/n/6 1.90|  
 []

[45

] [46] [47]

[48]

[49] AED endfloat: Processing end Figures and Tables

[50] (./2024-06-09_MA_March2024_neuer_verlauf.aux)
 ***********
LaTeX2e <2024-06-01>
L3 programming layer <2020/03/25>
 ***********

LaTeX Warning: There were multiply-defined labels.

 ) 
Here is how much of TeX's memory you used:
 27940 strings out of 475560
 520337 string characters out of 5777054
 2103891 words of memory out of 5000000
 49777 multiletter control sequences out of 15000+600000
 637398 words of font info for 103 fonts, out of 8000000 for 9000
 14 hyphenation exceptions out of 8191
 109i,11n,136p,2742b,764s stack positions out of 10000i,1000n,20000p,200000b,200000s
</Users/cselva1/Library/TinyTeX/texmf-dist/fonts/type1/public/amsfonts/euler/eurm10.pfb></Users/cselva1/Library/TinyTeX/texmf-dist/fonts/type1/public/lm/lmbx10.pfb></Users/cselva1/Library/TinyTeX/texmf-dist/fonts/type1/public/lm/lmbx12.pfb></Users/cselva1/Library/TinyTeX/texmf-dist/fonts/type1/public/lm/lmbxi10.pfb></Users/cselva1/Library/TinyTeX/texmf-dist/fonts/type1/public/lm/lmex10.pfb></Users/cselva1/Library/TinyTeX/texmf-dist/fonts/type1/public/lm/lmmi10.pfb></Users/cselva1/Library/TinyTeX/texmf-dist/fonts/type1/public/lm/lmmi12.pfb></Users/cselva1/Library/TinyTeX/texmf-dist/fonts/type1/public/lm/lmmi6.pfb></Users/cselva1/Library/TinyTeX/texmf-dist/fonts/type1/public/lm/lmmi7.pfb></Users/cselva1/Library/TinyTeX/texmf-dist/fonts/type1/public/lm/lmmi8.pfb></Users/cselva1/Library/TinyTeX/texmf-dist/fonts/type1/public/lm/lmr10.pfb></Users/cselva1/Library/TinyTeX/texmf-dist/fonts/type1/public/lm/lmr12.pfb></Users/cselva1/Library/TinyTeX/texmf-dist/fonts/type1/public/lm/lmr6.pfb></Users/cselva1/Library/TinyTeX/texmf-dist/fonts/type1/public/lm/lmr7.pfb></Users/cselva1/Library/TinyTeX/texmf-dist/fonts/type1/public/lm/lmr8.pfb></Users/cselva1/Library/TinyTeX/texmf-dist/fonts/type1/public/lm/lmri10.pfb></Users/cselva1/Library/TinyTeX/texmf-dist/fonts/type1/public/lm/lmri12.pfb></Users/cselva1/Library/TinyTeX/texmf-dist/fonts/type1/public/lm/lmsy10.pfb></Users/cselva1/Library/TinyTeX/texmf-dist/fonts/type1/public/lm/lmtt12.pfb>
Output written on 2024-06-09_MA_March2024_neuer_verlauf.pdf (53 pages, 1016552 bytes).
PDF statistics:
 967 PDF objects out of 1000 (max. 8388607)
 856 compressed objects within 9 object streams
 237 named destinations out of 1000 (max. 500000)
 191 words of extra memory for PDF output out of 10000 (max. 10000000)

